<?xml version="1.0" encoding="UTF-8"?>
<testsuite xmlns:xsi="http://www.w3.org/2001/XMLSchema-instance" xsi:noNamespaceSchemaLocation="https://maven.apache.org/surefire/maven-surefire-plugin/xsd/surefire-test-report-3.0.xsd" version="3.0" name="main.spring.login.demo2.Demo2ApplicationTests" time="10.708" tests="1" errors="0" skipped="0" failures="0">
  <properties>
    <property name="java.specification.version" value="17"/>
    <property name="sun.jnu.encoding" value="UTF-8"/>
    <property name="java.class.path" value="/home/seull/final/4team_final_MainSpring/demo2/target/test-classes:/home/seull/final/4team_final_MainSpring/demo2/target/classes:/home/seull/.m2/repository/org/springframework/boot/spring-boot-starter-web/3.2.3/spring-boot-starter-web-3.2.3.jar:/home/seull/.m2/repository/org/springframework/boot/spring-boot-starter/3.2.3/spring-boot-starter-3.2.3.jar:/home/seull/.m2/repository/org/springframework/boot/spring-boot-starter-logging/3.2.3/spring-boot-starter-logging-3.2.3.jar:/home/seull/.m2/repository/ch/qos/logback/logback-classic/1.4.14/logback-classic-1.4.14.jar:/home/seull/.m2/repository/ch/qos/logback/logback-core/1.4.14/logback-core-1.4.14.jar:/home/seull/.m2/repository/org/apache/logging/log4j/log4j-to-slf4j/2.21.1/log4j-to-slf4j-2.21.1.jar:/home/seull/.m2/repository/org/apache/logging/log4j/log4j-api/2.21.1/log4j-api-2.21.1.jar:/home/seull/.m2/repository/org/slf4j/jul-to-slf4j/2.0.12/jul-to-slf4j-2.0.12.jar:/home/seull/.m2/repository/jakarta/annotation/jakarta.annotation-api/2.1.1/jakarta.annotation-api-2.1.1.jar:/home/seull/.m2/repository/org/yaml/snakeyaml/2.2/snakeyaml-2.2.jar:/home/seull/.m2/repository/org/springframework/boot/spring-boot-starter-json/3.2.3/spring-boot-starter-json-3.2.3.jar:/home/seull/.m2/repository/com/fasterxml/jackson/core/jackson-databind/2.15.4/jackson-databind-2.15.4.jar:/home/seull/.m2/repository/com/fasterxml/jackson/core/jackson-annotations/2.15.4/jackson-annotations-2.15.4.jar:/home/seull/.m2/repository/com/fasterxml/jackson/core/jackson-core/2.15.4/jackson-core-2.15.4.jar:/home/seull/.m2/repository/com/fasterxml/jackson/datatype/jackson-datatype-jdk8/2.15.4/jackson-datatype-jdk8-2.15.4.jar:/home/seull/.m2/repository/com/fasterxml/jackson/datatype/jackson-datatype-jsr310/2.15.4/jackson-datatype-jsr310-2.15.4.jar:/home/seull/.m2/repository/com/fasterxml/jackson/module/jackson-module-parameter-names/2.15.4/jackson-module-parameter-names-2.15.4.jar:/home/seull/.m2/repository/org/springframework/boot/spring-boot-starter-tomcat/3.2.3/spring-boot-starter-tomcat-3.2.3.jar:/home/seull/.m2/repository/org/apache/tomcat/embed/tomcat-embed-core/10.1.19/tomcat-embed-core-10.1.19.jar:/home/seull/.m2/repository/org/apache/tomcat/embed/tomcat-embed-el/10.1.19/tomcat-embed-el-10.1.19.jar:/home/seull/.m2/repository/org/apache/tomcat/embed/tomcat-embed-websocket/10.1.19/tomcat-embed-websocket-10.1.19.jar:/home/seull/.m2/repository/org/springframework/spring-web/6.1.4/spring-web-6.1.4.jar:/home/seull/.m2/repository/org/springframework/spring-beans/6.1.4/spring-beans-6.1.4.jar:/home/seull/.m2/repository/io/micrometer/micrometer-observation/1.12.3/micrometer-observation-1.12.3.jar:/home/seull/.m2/repository/io/micrometer/micrometer-commons/1.12.3/micrometer-commons-1.12.3.jar:/home/seull/.m2/repository/org/springframework/spring-webmvc/6.1.4/spring-webmvc-6.1.4.jar:/home/seull/.m2/repository/org/springframework/spring-aop/6.1.4/spring-aop-6.1.4.jar:/home/seull/.m2/repository/org/springframework/spring-context/6.1.4/spring-context-6.1.4.jar:/home/seull/.m2/repository/org/springframework/spring-expression/6.1.4/spring-expression-6.1.4.jar:/home/seull/.m2/repository/org/springframework/boot/spring-boot-starter-test/3.2.3/spring-boot-starter-test-3.2.3.jar:/home/seull/.m2/repository/org/springframework/boot/spring-boot-test/3.2.3/spring-boot-test-3.2.3.jar:/home/seull/.m2/repository/org/springframework/boot/spring-boot-test-autoconfigure/3.2.3/spring-boot-test-autoconfigure-3.2.3.jar:/home/seull/.m2/repository/com/jayway/jsonpath/json-path/2.9.0/json-path-2.9.0.jar:/home/seull/.m2/repository/org/slf4j/slf4j-api/2.0.12/slf4j-api-2.0.12.jar:/home/seull/.m2/repository/jakarta/xml/bind/jakarta.xml.bind-api/4.0.1/jakarta.xml.bind-api-4.0.1.jar:/home/seull/.m2/repository/jakarta/activation/jakarta.activation-api/2.1.2/jakarta.activation-api-2.1.2.jar:/home/seull/.m2/repository/net/minidev/json-smart/2.5.0/json-smart-2.5.0.jar:/home/seull/.m2/repository/net/minidev/accessors-smart/2.5.0/accessors-smart-2.5.0.jar:/home/seull/.m2/repository/org/ow2/asm/asm/9.3/asm-9.3.jar:/home/seull/.m2/repository/org/assertj/assertj-core/3.24.2/assertj-core-3.24.2.jar:/home/seull/.m2/repository/net/bytebuddy/byte-buddy/1.14.12/byte-buddy-1.14.12.jar:/home/seull/.m2/repository/org/awaitility/awaitility/4.2.0/awaitility-4.2.0.jar:/home/seull/.m2/repository/org/hamcrest/hamcrest/2.2/hamcrest-2.2.jar:/home/seull/.m2/repository/org/junit/jupiter/junit-jupiter/5.10.2/junit-jupiter-5.10.2.jar:/home/seull/.m2/repository/org/junit/jupiter/junit-jupiter-api/5.10.2/junit-jupiter-api-5.10.2.jar:/home/seull/.m2/repository/org/opentest4j/opentest4j/1.3.0/opentest4j-1.3.0.jar:/home/seull/.m2/repository/org/junit/platform/junit-platform-commons/1.10.2/junit-platform-commons-1.10.2.jar:/home/seull/.m2/repository/org/apiguardian/apiguardian-api/1.1.2/apiguardian-api-1.1.2.jar:/home/seull/.m2/repository/org/junit/jupiter/junit-jupiter-params/5.10.2/junit-jupiter-params-5.10.2.jar:/home/seull/.m2/repository/org/junit/jupiter/junit-jupiter-engine/5.10.2/junit-jupiter-engine-5.10.2.jar:/home/seull/.m2/repository/org/junit/platform/junit-platform-engine/1.10.2/junit-platform-engine-1.10.2.jar:/home/seull/.m2/repository/org/mockito/mockito-core/5.7.0/mockito-core-5.7.0.jar:/home/seull/.m2/repository/net/bytebuddy/byte-buddy-agent/1.14.12/byte-buddy-agent-1.14.12.jar:/home/seull/.m2/repository/org/objenesis/objenesis/3.3/objenesis-3.3.jar:/home/seull/.m2/repository/org/mockito/mockito-junit-jupiter/5.7.0/mockito-junit-jupiter-5.7.0.jar:/home/seull/.m2/repository/org/skyscreamer/jsonassert/1.5.1/jsonassert-1.5.1.jar:/home/seull/.m2/repository/com/vaadin/external/google/android-json/0.0.20131108.vaadin1/android-json-0.0.20131108.vaadin1.jar:/home/seull/.m2/repository/org/springframework/spring-core/6.1.4/spring-core-6.1.4.jar:/home/seull/.m2/repository/org/springframework/spring-jcl/6.1.4/spring-jcl-6.1.4.jar:/home/seull/.m2/repository/org/springframework/spring-test/6.1.4/spring-test-6.1.4.jar:/home/seull/.m2/repository/org/xmlunit/xmlunit-core/2.9.1/xmlunit-core-2.9.1.jar:/home/seull/.m2/repository/org/mariadb/jdbc/mariadb-java-client/3.3.3/mariadb-java-client-3.3.3.jar:/home/seull/.m2/repository/com/github/waffle/waffle-jna/3.3.0/waffle-jna-3.3.0.jar:/home/seull/.m2/repository/net/java/dev/jna/jna/5.13.0/jna-5.13.0.jar:/home/seull/.m2/repository/net/java/dev/jna/jna-platform/5.13.0/jna-platform-5.13.0.jar:/home/seull/.m2/repository/org/slf4j/jcl-over-slf4j/2.0.12/jcl-over-slf4j-2.0.12.jar:/home/seull/.m2/repository/com/github/ben-manes/caffeine/caffeine/3.1.8/caffeine-3.1.8.jar:/home/seull/.m2/repository/com/google/errorprone/error_prone_annotations/2.21.1/error_prone_annotations-2.21.1.jar:/home/seull/.m2/repository/org/checkerframework/checker-qual/3.32.0/checker-qual-3.32.0.jar:/home/seull/.m2/repository/org/projectlombok/lombok/1.18.30/lombok-1.18.30.jar:/home/seull/.m2/repository/org/springframework/boot/spring-boot-devtools/3.2.3/spring-boot-devtools-3.2.3.jar:/home/seull/.m2/repository/org/springframework/boot/spring-boot/3.2.3/spring-boot-3.2.3.jar:/home/seull/.m2/repository/org/springframework/boot/spring-boot-autoconfigure/3.2.3/spring-boot-autoconfigure-3.2.3.jar:/home/seull/.m2/repository/org/springframework/boot/spring-boot-starter-data-jpa/3.2.3/spring-boot-starter-data-jpa-3.2.3.jar:/home/seull/.m2/repository/org/springframework/boot/spring-boot-starter-aop/3.2.3/spring-boot-starter-aop-3.2.3.jar:/home/seull/.m2/repository/org/aspectj/aspectjweaver/1.9.21/aspectjweaver-1.9.21.jar:/home/seull/.m2/repository/org/springframework/boot/spring-boot-starter-jdbc/3.2.3/spring-boot-starter-jdbc-3.2.3.jar:/home/seull/.m2/repository/com/zaxxer/HikariCP/5.0.1/HikariCP-5.0.1.jar:/home/seull/.m2/repository/org/springframework/spring-jdbc/6.1.4/spring-jdbc-6.1.4.jar:/home/seull/.m2/repository/org/hibernate/orm/hibernate-core/6.4.4.Final/hibernate-core-6.4.4.Final.jar:/home/seull/.m2/repository/jakarta/persistence/jakarta.persistence-api/3.1.0/jakarta.persistence-api-3.1.0.jar:/home/seull/.m2/repository/jakarta/transaction/jakarta.transaction-api/2.0.1/jakarta.transaction-api-2.0.1.jar:/home/seull/.m2/repository/org/jboss/logging/jboss-logging/3.5.3.Final/jboss-logging-3.5.3.Final.jar:/home/seull/.m2/repository/org/hibernate/common/hibernate-commons-annotations/6.0.6.Final/hibernate-commons-annotations-6.0.6.Final.jar:/home/seull/.m2/repository/io/smallrye/jandex/3.1.2/jandex-3.1.2.jar:/home/seull/.m2/repository/com/fasterxml/classmate/1.6.0/classmate-1.6.0.jar:/home/seull/.m2/repository/org/glassfish/jaxb/jaxb-runtime/4.0.4/jaxb-runtime-4.0.4.jar:/home/seull/.m2/repository/org/glassfish/jaxb/jaxb-core/4.0.4/jaxb-core-4.0.4.jar:/home/seull/.m2/repository/org/glassfish/jaxb/txw2/4.0.4/txw2-4.0.4.jar:/home/seull/.m2/repository/com/sun/istack/istack-commons-runtime/4.1.2/istack-commons-runtime-4.1.2.jar:/home/seull/.m2/repository/jakarta/inject/jakarta.inject-api/2.0.1/jakarta.inject-api-2.0.1.jar:/home/seull/.m2/repository/org/antlr/antlr4-runtime/4.13.0/antlr4-runtime-4.13.0.jar:/home/seull/.m2/repository/org/springframework/data/spring-data-jpa/3.2.3/spring-data-jpa-3.2.3.jar:/home/seull/.m2/repository/org/springframework/data/spring-data-commons/3.2.3/spring-data-commons-3.2.3.jar:/home/seull/.m2/repository/org/springframework/spring-orm/6.1.4/spring-orm-6.1.4.jar:/home/seull/.m2/repository/org/springframework/spring-tx/6.1.4/spring-tx-6.1.4.jar:/home/seull/.m2/repository/org/springframework/spring-aspects/6.1.4/spring-aspects-6.1.4.jar:/home/seull/.m2/repository/org/springframework/boot/spring-boot-starter-data-jdbc/3.2.3/spring-boot-starter-data-jdbc-3.2.3.jar:/home/seull/.m2/repository/org/springframework/data/spring-data-jdbc/3.2.3/spring-data-jdbc-3.2.3.jar:/home/seull/.m2/repository/org/springframework/data/spring-data-relational/3.2.3/spring-data-relational-3.2.3.jar:/home/seull/.m2/repository/com/github/jsqlparser/jsqlparser/4.6/jsqlparser-4.6.jar:/home/seull/.m2/repository/org/springframework/boot/spring-boot-starter-web-services/3.2.3/spring-boot-starter-web-services-3.2.3.jar:/home/seull/.m2/repository/com/sun/xml/messaging/saaj/saaj-impl/3.0.3/saaj-impl-3.0.3.jar:/home/seull/.m2/repository/jakarta/xml/soap/jakarta.xml.soap-api/3.0.1/jakarta.xml.soap-api-3.0.1.jar:/home/seull/.m2/repository/org/jvnet/staxex/stax-ex/2.1.0/stax-ex-2.1.0.jar:/home/seull/.m2/repository/org/eclipse/angus/angus-activation/2.0.1/angus-activation-2.0.1.jar:/home/seull/.m2/repository/jakarta/xml/ws/jakarta.xml.ws-api/4.0.1/jakarta.xml.ws-api-4.0.1.jar:/home/seull/.m2/repository/org/springframework/spring-oxm/6.1.4/spring-oxm-6.1.4.jar:/home/seull/.m2/repository/org/springframework/ws/spring-ws-core/4.0.10/spring-ws-core-4.0.10.jar:/home/seull/.m2/repository/org/springframework/ws/spring-xml/4.0.10/spring-xml-4.0.10.jar:/home/seull/.m2/repository/org/springframework/boot/spring-boot-starter-thymeleaf/3.2.3/spring-boot-starter-thymeleaf-3.2.3.jar:/home/seull/.m2/repository/org/thymeleaf/thymeleaf-spring6/3.1.2.RELEASE/thymeleaf-spring6-3.1.2.RELEASE.jar:/home/seull/.m2/repository/org/thymeleaf/thymeleaf/3.1.2.RELEASE/thymeleaf-3.1.2.RELEASE.jar:/home/seull/.m2/repository/org/attoparser/attoparser/2.0.7.RELEASE/attoparser-2.0.7.RELEASE.jar:/home/seull/.m2/repository/org/unbescape/unbescape/1.1.6.RELEASE/unbescape-1.1.6.RELEASE.jar:/home/seull/.m2/repository/org/apache/maven/plugins/maven-site-plugin/3.12.1/maven-site-plugin-3.12.1.jar:/home/seull/.m2/repository/org/apache/maven/reporting/maven-reporting-api/3.1.1/maven-reporting-api-3.1.1.jar:/home/seull/.m2/repository/org/apache/maven/reporting/maven-reporting-exec/1.6.0/maven-reporting-exec-1.6.0.jar:/home/seull/.m2/repository/org/apache/maven/maven-artifact/3.2.5/maven-artifact-3.2.5.jar:/home/seull/.m2/repository/org/apache/maven/maven-core/3.2.5/maven-core-3.2.5.jar:/home/seull/.m2/repository/org/apache/maven/maven-repository-metadata/3.2.5/maven-repository-metadata-3.2.5.jar:/home/seull/.m2/repository/org/apache/maven/maven-model-builder/3.2.5/maven-model-builder-3.2.5.jar:/home/seull/.m2/repository/org/apache/maven/maven-aether-provider/3.2.5/maven-aether-provider-3.2.5.jar:/home/seull/.m2/repository/org/eclipse/aether/aether-spi/1.0.0.v20140518/aether-spi-1.0.0.v20140518.jar:/home/seull/.m2/repository/org/eclipse/aether/aether-impl/1.0.0.v20140518/aether-impl-1.0.0.v20140518.jar:/home/seull/.m2/repository/org/eclipse/aether/aether-api/1.0.0.v20140518/aether-api-1.0.0.v20140518.jar:/home/seull/.m2/repository/org/eclipse/sisu/org.eclipse.sisu.plexus/0.3.0.M1/org.eclipse.sisu.plexus-0.3.0.M1.jar:/home/seull/.m2/repository/javax/enterprise/cdi-api/1.0/cdi-api-1.0.jar:/home/seull/.m2/repository/javax/annotation/jsr250-api/1.0/jsr250-api-1.0.jar:/home/seull/.m2/repository/org/eclipse/sisu/org.eclipse.sisu.inject/0.3.0.M1/org.eclipse.sisu.inject-0.3.0.M1.jar:/home/seull/.m2/repository/org/sonatype/sisu/sisu-guice/3.2.3/sisu-guice-3.2.3-no_aop.jar:/home/seull/.m2/repository/javax/inject/javax.inject/1/javax.inject-1.jar:/home/seull/.m2/repository/aopalliance/aopalliance/1.0/aopalliance-1.0.jar:/home/seull/.m2/repository/com/google/guava/guava/16.0.1/guava-16.0.1.jar:/home/seull/.m2/repository/org/codehaus/plexus/plexus-classworlds/2.5.2/plexus-classworlds-2.5.2.jar:/home/seull/.m2/repository/org/sonatype/plexus/plexus-sec-dispatcher/1.3/plexus-sec-dispatcher-1.3.jar:/home/seull/.m2/repository/org/sonatype/plexus/plexus-cipher/1.4/plexus-cipher-1.4.jar:/home/seull/.m2/repository/org/apache/maven/maven-model/3.2.5/maven-model-3.2.5.jar:/home/seull/.m2/repository/org/apache/maven/maven-plugin-api/3.2.5/maven-plugin-api-3.2.5.jar:/home/seull/.m2/repository/org/apache/maven/maven-settings/3.2.5/maven-settings-3.2.5.jar:/home/seull/.m2/repository/org/apache/maven/maven-settings-builder/3.2.5/maven-settings-builder-3.2.5.jar:/home/seull/.m2/repository/org/eclipse/aether/aether-util/1.0.0.v20140518/aether-util-1.0.0.v20140518.jar:/home/seull/.m2/repository/org/apache/maven/shared/maven-shared-utils/3.3.4/maven-shared-utils-3.3.4.jar:/home/seull/.m2/repository/commons-io/commons-io/2.6/commons-io-2.6.jar:/home/seull/.m2/repository/org/apache/maven/maven-archiver/3.5.2/maven-archiver-3.5.2.jar:/home/seull/.m2/repository/org/apache/commons/commons-compress/1.20/commons-compress-1.20.jar:/home/seull/.m2/repository/org/codehaus/plexus/plexus-interpolation/1.26/plexus-interpolation-1.26.jar:/home/seull/.m2/repository/org/codehaus/plexus/plexus-archiver/4.2.7/plexus-archiver-4.2.7.jar:/home/seull/.m2/repository/org/codehaus/plexus/plexus-io/3.2.0/plexus-io-3.2.0.jar:/home/seull/.m2/repository/org/iq80/snappy/snappy/0.4/snappy-0.4.jar:/home/seull/.m2/repository/org/tukaani/xz/1.9/xz-1.9.jar:/home/seull/.m2/repository/org/codehaus/plexus/plexus-i18n/1.0-beta-10/plexus-i18n-1.0-beta-10.jar:/home/seull/.m2/repository/org/codehaus/plexus/plexus-utils/3.4.2/plexus-utils-3.4.2.jar:/home/seull/.m2/repository/org/apache/maven/doxia/doxia-sink-api/1.11.1/doxia-sink-api-1.11.1.jar:/home/seull/.m2/repository/org/apache/maven/doxia/doxia-logging-api/1.11.1/doxia-logging-api-1.11.1.jar:/home/seull/.m2/repository/org/apache/maven/doxia/doxia-core/1.11.1/doxia-core-1.11.1.jar:/home/seull/.m2/repository/org/codehaus/plexus/plexus-container-default/2.1.0/plexus-container-default-2.1.0.jar:/home/seull/.m2/repository/org/apache/xbean/xbean-reflect/3.7/xbean-reflect-3.7.jar:/home/seull/.m2/repository/com/google/collections/google-collections/1.0/google-collections-1.0.jar:/home/seull/.m2/repository/org/codehaus/plexus/plexus-component-annotations/2.1.0/plexus-component-annotations-2.1.0.jar:/home/seull/.m2/repository/org/apache/commons/commons-lang3/3.13.0/commons-lang3-3.13.0.jar:/home/seull/.m2/repository/org/apache/commons/commons-text/1.3/commons-text-1.3.jar:/home/seull/.m2/repository/org/apache/httpcomponents/httpclient/4.5.13/httpclient-4.5.13.jar:/home/seull/.m2/repository/commons-logging/commons-logging/1.2/commons-logging-1.2.jar:/home/seull/.m2/repository/commons-codec/commons-codec/1.16.1/commons-codec-1.16.1.jar:/home/seull/.m2/repository/org/apache/httpcomponents/httpcore/4.4.16/httpcore-4.4.16.jar:/home/seull/.m2/repository/org/apache/maven/doxia/doxia-module-xhtml/1.11.1/doxia-module-xhtml-1.11.1.jar:/home/seull/.m2/repository/org/apache/maven/doxia/doxia-module-xhtml5/1.11.1/doxia-module-xhtml5-1.11.1.jar:/home/seull/.m2/repository/org/apache/maven/doxia/doxia-module-apt/1.11.1/doxia-module-apt-1.11.1.jar:/home/seull/.m2/repository/org/apache/maven/doxia/doxia-module-xdoc/1.11.1/doxia-module-xdoc-1.11.1.jar:/home/seull/.m2/repository/org/apache/maven/doxia/doxia-module-fml/1.11.1/doxia-module-fml-1.11.1.jar:/home/seull/.m2/repository/org/apache/maven/doxia/doxia-module-markdown/1.11.1/doxia-module-markdown-1.11.1.jar:/home/seull/.m2/repository/com/vladsch/flexmark/flexmark-all/0.42.14/flexmark-all-0.42.14.jar:/home/seull/.m2/repository/com/vladsch/flexmark/flexmark/0.42.14/flexmark-0.42.14.jar:/home/seull/.m2/repository/com/vladsch/flexmark/flexmark-ext-abbreviation/0.42.14/flexmark-ext-abbreviation-0.42.14.jar:/home/seull/.m2/repository/com/vladsch/flexmark/flexmark-ext-admonition/0.42.14/flexmark-ext-admonition-0.42.14.jar:/home/seull/.m2/repository/com/vladsch/flexmark/flexmark-ext-anchorlink/0.42.14/flexmark-ext-anchorlink-0.42.14.jar:/home/seull/.m2/repository/com/vladsch/flexmark/flexmark-ext-aside/0.42.14/flexmark-ext-aside-0.42.14.jar:/home/seull/.m2/repository/com/vladsch/flexmark/flexmark-ext-attributes/0.42.14/flexmark-ext-attributes-0.42.14.jar:/home/seull/.m2/repository/com/vladsch/flexmark/flexmark-ext-autolink/0.42.14/flexmark-ext-autolink-0.42.14.jar:/home/seull/.m2/repository/org/nibor/autolink/autolink/0.6.0/autolink-0.6.0.jar:/home/seull/.m2/repository/com/vladsch/flexmark/flexmark-ext-definition/0.42.14/flexmark-ext-definition-0.42.14.jar:/home/seull/.m2/repository/com/vladsch/flexmark/flexmark-ext-emoji/0.42.14/flexmark-ext-emoji-0.42.14.jar:/home/seull/.m2/repository/com/vladsch/flexmark/flexmark-ext-enumerated-reference/0.42.14/flexmark-ext-enumerated-reference-0.42.14.jar:/home/seull/.m2/repository/com/vladsch/flexmark/flexmark-ext-escaped-character/0.42.14/flexmark-ext-escaped-character-0.42.14.jar:/home/seull/.m2/repository/com/vladsch/flexmark/flexmark-ext-footnotes/0.42.14/flexmark-ext-footnotes-0.42.14.jar:/home/seull/.m2/repository/com/vladsch/flexmark/flexmark-ext-gfm-issues/0.42.14/flexmark-ext-gfm-issues-0.42.14.jar:/home/seull/.m2/repository/com/vladsch/flexmark/flexmark-ext-gfm-strikethrough/0.42.14/flexmark-ext-gfm-strikethrough-0.42.14.jar:/home/seull/.m2/repository/com/vladsch/flexmark/flexmark-ext-gfm-tables/0.42.14/flexmark-ext-gfm-tables-0.42.14.jar:/home/seull/.m2/repository/com/vladsch/flexmark/flexmark-ext-gfm-tasklist/0.42.14/flexmark-ext-gfm-tasklist-0.42.14.jar:/home/seull/.m2/repository/com/vladsch/flexmark/flexmark-ext-gfm-users/0.42.14/flexmark-ext-gfm-users-0.42.14.jar:/home/seull/.m2/repository/com/vladsch/flexmark/flexmark-ext-gitlab/0.42.14/flexmark-ext-gitlab-0.42.14.jar:/home/seull/.m2/repository/com/vladsch/flexmark/flexmark-ext-jekyll-front-matter/0.42.14/flexmark-ext-jekyll-front-matter-0.42.14.jar:/home/seull/.m2/repository/com/vladsch/flexmark/flexmark-ext-jekyll-tag/0.42.14/flexmark-ext-jekyll-tag-0.42.14.jar:/home/seull/.m2/repository/com/vladsch/flexmark/flexmark-ext-media-tags/0.42.14/flexmark-ext-media-tags-0.42.14.jar:/home/seull/.m2/repository/com/vladsch/flexmark/flexmark-ext-macros/0.42.14/flexmark-ext-macros-0.42.14.jar:/home/seull/.m2/repository/com/vladsch/flexmark/flexmark-ext-ins/0.42.14/flexmark-ext-ins-0.42.14.jar:/home/seull/.m2/repository/com/vladsch/flexmark/flexmark-ext-xwiki-macros/0.42.14/flexmark-ext-xwiki-macros-0.42.14.jar:/home/seull/.m2/repository/com/vladsch/flexmark/flexmark-ext-superscript/0.42.14/flexmark-ext-superscript-0.42.14.jar:/home/seull/.m2/repository/com/vladsch/flexmark/flexmark-ext-tables/0.42.14/flexmark-ext-tables-0.42.14.jar:/home/seull/.m2/repository/com/vladsch/flexmark/flexmark-ext-toc/0.42.14/flexmark-ext-toc-0.42.14.jar:/home/seull/.m2/repository/com/vladsch/flexmark/flexmark-ext-typographic/0.42.14/flexmark-ext-typographic-0.42.14.jar:/home/seull/.m2/repository/com/vladsch/flexmark/flexmark-ext-wikilink/0.42.14/flexmark-ext-wikilink-0.42.14.jar:/home/seull/.m2/repository/com/vladsch/flexmark/flexmark-ext-yaml-front-matter/0.42.14/flexmark-ext-yaml-front-matter-0.42.14.jar:/home/seull/.m2/repository/com/vladsch/flexmark/flexmark-ext-youtube-embedded/0.42.14/flexmark-ext-youtube-embedded-0.42.14.jar:/home/seull/.m2/repository/com/vladsch/flexmark/flexmark-formatter/0.42.14/flexmark-formatter-0.42.14.jar:/home/seull/.m2/repository/com/vladsch/flexmark/flexmark-html-parser/0.42.14/flexmark-html-parser-0.42.14.jar:/home/seull/.m2/repository/org/jsoup/jsoup/1.10.2/jsoup-1.10.2.jar:/home/seull/.m2/repository/com/vladsch/flexmark/flexmark-jira-converter/0.42.14/flexmark-jira-converter-0.42.14.jar:/home/seull/.m2/repository/com/vladsch/flexmark/flexmark-profile-pegdown/0.42.14/flexmark-profile-pegdown-0.42.14.jar:/home/seull/.m2/repository/com/vladsch/flexmark/flexmark-util/0.42.14/flexmark-util-0.42.14.jar:/home/seull/.m2/repository/com/vladsch/flexmark/flexmark-youtrack-converter/0.42.14/flexmark-youtrack-converter-0.42.14.jar:/home/seull/.m2/repository/org/apache/maven/doxia/doxia-module-confluence/1.11.1/doxia-module-confluence-1.11.1.jar:/home/seull/.m2/repository/org/apache/maven/doxia/doxia-module-docbook-simple/1.11.1/doxia-module-docbook-simple-1.11.1.jar:/home/seull/.m2/repository/org/apache/maven/doxia/doxia-module-twiki/1.11.1/doxia-module-twiki-1.11.1.jar:/home/seull/.m2/repository/org/apache/maven/doxia/doxia-decoration-model/1.11.1/doxia-decoration-model-1.11.1.jar:/home/seull/.m2/repository/org/apache/maven/doxia/doxia-site-renderer/1.11.1/doxia-site-renderer-1.11.1.jar:/home/seull/.m2/repository/org/apache/maven/doxia/doxia-skin-model/1.11.1/doxia-skin-model-1.11.1.jar:/home/seull/.m2/repository/org/codehaus/plexus/plexus-velocity/1.2/plexus-velocity-1.2.jar:/home/seull/.m2/repository/org/apache/velocity/velocity/1.7/velocity-1.7.jar:/home/seull/.m2/repository/commons-lang/commons-lang/2.4/commons-lang-2.4.jar:/home/seull/.m2/repository/org/apache/velocity/velocity-tools/2.0/velocity-tools-2.0.jar:/home/seull/.m2/repository/commons-beanutils/commons-beanutils/1.7.0/commons-beanutils-1.7.0.jar:/home/seull/.m2/repository/commons-digester/commons-digester/1.8/commons-digester-1.8.jar:/home/seull/.m2/repository/commons-chain/commons-chain/1.1/commons-chain-1.1.jar:/home/seull/.m2/repository/dom4j/dom4j/1.1/dom4j-1.1.jar:/home/seull/.m2/repository/oro/oro/2.0.8/oro-2.0.8.jar:/home/seull/.m2/repository/commons-collections/commons-collections/3.2.2/commons-collections-3.2.2.jar:/home/seull/.m2/repository/org/apache/maven/doxia/doxia-integration-tools/1.11.1/doxia-integration-tools-1.11.1.jar:/home/seull/.m2/repository/org/eclipse/jetty/jetty-server/12.0.6/jetty-server-12.0.6.jar:/home/seull/.m2/repository/org/eclipse/jetty/jetty-http/12.0.6/jetty-http-12.0.6.jar:/home/seull/.m2/repository/org/eclipse/jetty/jetty-io/12.0.6/jetty-io-12.0.6.jar:/home/seull/.m2/repository/org/eclipse/jetty/jetty-servlet/9.4.46.v20220331/jetty-servlet-9.4.46.v20220331.jar:/home/seull/.m2/repository/org/eclipse/jetty/jetty-security/12.0.6/jetty-security-12.0.6.jar:/home/seull/.m2/repository/org/eclipse/jetty/jetty-util-ajax/12.0.6/jetty-util-ajax-12.0.6.jar:/home/seull/.m2/repository/org/eclipse/jetty/jetty-webapp/9.4.46.v20220331/jetty-webapp-9.4.46.v20220331.jar:/home/seull/.m2/repository/org/eclipse/jetty/jetty-xml/12.0.6/jetty-xml-12.0.6.jar:/home/seull/.m2/repository/org/eclipse/jetty/jetty-util/12.0.6/jetty-util-12.0.6.jar:"/>
    <property name="java.vm.vendor" value="Private Build"/>
    <property name="sun.arch.data.model" value="64"/>
    <property name="java.vendor.url" value="Unknown"/>
    <property name="user.timezone" value="Asia/Seoul"/>
    <property name="org.jboss.logging.provider" value="slf4j"/>
    <property name="os.name" value="Linux"/>
    <property name="java.vm.specification.version" value="17"/>
    <property name="sun.java.launcher" value="SUN_STANDARD"/>
    <property name="sun.boot.library.path" value="/usr/lib/jvm/java-17-openjdk-amd64/lib"/>
    <property name="sun.java.command" value="/home/seull/final/4team_final_MainSpring/demo2/target/surefire/surefirebooter-20240411174604845_3.jar /home/seull/final/4team_final_MainSpring/demo2/target/surefire 2024-04-11T17-46-04_587-jvmRun1 surefire-20240411174604845_1tmp surefire_0-20240411174604845_2tmp"/>
    <property name="jdk.debug" value="release"/>
    <property name="surefire.test.class.path" value="/home/seull/final/4team_final_MainSpring/demo2/target/test-classes:/home/seull/final/4team_final_MainSpring/demo2/target/classes:/home/seull/.m2/repository/org/springframework/boot/spring-boot-starter-web/3.2.3/spring-boot-starter-web-3.2.3.jar:/home/seull/.m2/repository/org/springframework/boot/spring-boot-starter/3.2.3/spring-boot-starter-3.2.3.jar:/home/seull/.m2/repository/org/springframework/boot/spring-boot-starter-logging/3.2.3/spring-boot-starter-logging-3.2.3.jar:/home/seull/.m2/repository/ch/qos/logback/logback-classic/1.4.14/logback-classic-1.4.14.jar:/home/seull/.m2/repository/ch/qos/logback/logback-core/1.4.14/logback-core-1.4.14.jar:/home/seull/.m2/repository/org/apache/logging/log4j/log4j-to-slf4j/2.21.1/log4j-to-slf4j-2.21.1.jar:/home/seull/.m2/repository/org/apache/logging/log4j/log4j-api/2.21.1/log4j-api-2.21.1.jar:/home/seull/.m2/repository/org/slf4j/jul-to-slf4j/2.0.12/jul-to-slf4j-2.0.12.jar:/home/seull/.m2/repository/jakarta/annotation/jakarta.annotation-api/2.1.1/jakarta.annotation-api-2.1.1.jar:/home/seull/.m2/repository/org/yaml/snakeyaml/2.2/snakeyaml-2.2.jar:/home/seull/.m2/repository/org/springframework/boot/spring-boot-starter-json/3.2.3/spring-boot-starter-json-3.2.3.jar:/home/seull/.m2/repository/com/fasterxml/jackson/core/jackson-databind/2.15.4/jackson-databind-2.15.4.jar:/home/seull/.m2/repository/com/fasterxml/jackson/core/jackson-annotations/2.15.4/jackson-annotations-2.15.4.jar:/home/seull/.m2/repository/com/fasterxml/jackson/core/jackson-core/2.15.4/jackson-core-2.15.4.jar:/home/seull/.m2/repository/com/fasterxml/jackson/datatype/jackson-datatype-jdk8/2.15.4/jackson-datatype-jdk8-2.15.4.jar:/home/seull/.m2/repository/com/fasterxml/jackson/datatype/jackson-datatype-jsr310/2.15.4/jackson-datatype-jsr310-2.15.4.jar:/home/seull/.m2/repository/com/fasterxml/jackson/module/jackson-module-parameter-names/2.15.4/jackson-module-parameter-names-2.15.4.jar:/home/seull/.m2/repository/org/springframework/boot/spring-boot-starter-tomcat/3.2.3/spring-boot-starter-tomcat-3.2.3.jar:/home/seull/.m2/repository/org/apache/tomcat/embed/tomcat-embed-core/10.1.19/tomcat-embed-core-10.1.19.jar:/home/seull/.m2/repository/org/apache/tomcat/embed/tomcat-embed-el/10.1.19/tomcat-embed-el-10.1.19.jar:/home/seull/.m2/repository/org/apache/tomcat/embed/tomcat-embed-websocket/10.1.19/tomcat-embed-websocket-10.1.19.jar:/home/seull/.m2/repository/org/springframework/spring-web/6.1.4/spring-web-6.1.4.jar:/home/seull/.m2/repository/org/springframework/spring-beans/6.1.4/spring-beans-6.1.4.jar:/home/seull/.m2/repository/io/micrometer/micrometer-observation/1.12.3/micrometer-observation-1.12.3.jar:/home/seull/.m2/repository/io/micrometer/micrometer-commons/1.12.3/micrometer-commons-1.12.3.jar:/home/seull/.m2/repository/org/springframework/spring-webmvc/6.1.4/spring-webmvc-6.1.4.jar:/home/seull/.m2/repository/org/springframework/spring-aop/6.1.4/spring-aop-6.1.4.jar:/home/seull/.m2/repository/org/springframework/spring-context/6.1.4/spring-context-6.1.4.jar:/home/seull/.m2/repository/org/springframework/spring-expression/6.1.4/spring-expression-6.1.4.jar:/home/seull/.m2/repository/org/springframework/boot/spring-boot-starter-test/3.2.3/spring-boot-starter-test-3.2.3.jar:/home/seull/.m2/repository/org/springframework/boot/spring-boot-test/3.2.3/spring-boot-test-3.2.3.jar:/home/seull/.m2/repository/org/springframework/boot/spring-boot-test-autoconfigure/3.2.3/spring-boot-test-autoconfigure-3.2.3.jar:/home/seull/.m2/repository/com/jayway/jsonpath/json-path/2.9.0/json-path-2.9.0.jar:/home/seull/.m2/repository/org/slf4j/slf4j-api/2.0.12/slf4j-api-2.0.12.jar:/home/seull/.m2/repository/jakarta/xml/bind/jakarta.xml.bind-api/4.0.1/jakarta.xml.bind-api-4.0.1.jar:/home/seull/.m2/repository/jakarta/activation/jakarta.activation-api/2.1.2/jakarta.activation-api-2.1.2.jar:/home/seull/.m2/repository/net/minidev/json-smart/2.5.0/json-smart-2.5.0.jar:/home/seull/.m2/repository/net/minidev/accessors-smart/2.5.0/accessors-smart-2.5.0.jar:/home/seull/.m2/repository/org/ow2/asm/asm/9.3/asm-9.3.jar:/home/seull/.m2/repository/org/assertj/assertj-core/3.24.2/assertj-core-3.24.2.jar:/home/seull/.m2/repository/net/bytebuddy/byte-buddy/1.14.12/byte-buddy-1.14.12.jar:/home/seull/.m2/repository/org/awaitility/awaitility/4.2.0/awaitility-4.2.0.jar:/home/seull/.m2/repository/org/hamcrest/hamcrest/2.2/hamcrest-2.2.jar:/home/seull/.m2/repository/org/junit/jupiter/junit-jupiter/5.10.2/junit-jupiter-5.10.2.jar:/home/seull/.m2/repository/org/junit/jupiter/junit-jupiter-api/5.10.2/junit-jupiter-api-5.10.2.jar:/home/seull/.m2/repository/org/opentest4j/opentest4j/1.3.0/opentest4j-1.3.0.jar:/home/seull/.m2/repository/org/junit/platform/junit-platform-commons/1.10.2/junit-platform-commons-1.10.2.jar:/home/seull/.m2/repository/org/apiguardian/apiguardian-api/1.1.2/apiguardian-api-1.1.2.jar:/home/seull/.m2/repository/org/junit/jupiter/junit-jupiter-params/5.10.2/junit-jupiter-params-5.10.2.jar:/home/seull/.m2/repository/org/junit/jupiter/junit-jupiter-engine/5.10.2/junit-jupiter-engine-5.10.2.jar:/home/seull/.m2/repository/org/junit/platform/junit-platform-engine/1.10.2/junit-platform-engine-1.10.2.jar:/home/seull/.m2/repository/org/mockito/mockito-core/5.7.0/mockito-core-5.7.0.jar:/home/seull/.m2/repository/net/bytebuddy/byte-buddy-agent/1.14.12/byte-buddy-agent-1.14.12.jar:/home/seull/.m2/repository/org/objenesis/objenesis/3.3/objenesis-3.3.jar:/home/seull/.m2/repository/org/mockito/mockito-junit-jupiter/5.7.0/mockito-junit-jupiter-5.7.0.jar:/home/seull/.m2/repository/org/skyscreamer/jsonassert/1.5.1/jsonassert-1.5.1.jar:/home/seull/.m2/repository/com/vaadin/external/google/android-json/0.0.20131108.vaadin1/android-json-0.0.20131108.vaadin1.jar:/home/seull/.m2/repository/org/springframework/spring-core/6.1.4/spring-core-6.1.4.jar:/home/seull/.m2/repository/org/springframework/spring-jcl/6.1.4/spring-jcl-6.1.4.jar:/home/seull/.m2/repository/org/springframework/spring-test/6.1.4/spring-test-6.1.4.jar:/home/seull/.m2/repository/org/xmlunit/xmlunit-core/2.9.1/xmlunit-core-2.9.1.jar:/home/seull/.m2/repository/org/mariadb/jdbc/mariadb-java-client/3.3.3/mariadb-java-client-3.3.3.jar:/home/seull/.m2/repository/com/github/waffle/waffle-jna/3.3.0/waffle-jna-3.3.0.jar:/home/seull/.m2/repository/net/java/dev/jna/jna/5.13.0/jna-5.13.0.jar:/home/seull/.m2/repository/net/java/dev/jna/jna-platform/5.13.0/jna-platform-5.13.0.jar:/home/seull/.m2/repository/org/slf4j/jcl-over-slf4j/2.0.12/jcl-over-slf4j-2.0.12.jar:/home/seull/.m2/repository/com/github/ben-manes/caffeine/caffeine/3.1.8/caffeine-3.1.8.jar:/home/seull/.m2/repository/com/google/errorprone/error_prone_annotations/2.21.1/error_prone_annotations-2.21.1.jar:/home/seull/.m2/repository/org/checkerframework/checker-qual/3.32.0/checker-qual-3.32.0.jar:/home/seull/.m2/repository/org/projectlombok/lombok/1.18.30/lombok-1.18.30.jar:/home/seull/.m2/repository/org/springframework/boot/spring-boot-devtools/3.2.3/spring-boot-devtools-3.2.3.jar:/home/seull/.m2/repository/org/springframework/boot/spring-boot/3.2.3/spring-boot-3.2.3.jar:/home/seull/.m2/repository/org/springframework/boot/spring-boot-autoconfigure/3.2.3/spring-boot-autoconfigure-3.2.3.jar:/home/seull/.m2/repository/org/springframework/boot/spring-boot-starter-data-jpa/3.2.3/spring-boot-starter-data-jpa-3.2.3.jar:/home/seull/.m2/repository/org/springframework/boot/spring-boot-starter-aop/3.2.3/spring-boot-starter-aop-3.2.3.jar:/home/seull/.m2/repository/org/aspectj/aspectjweaver/1.9.21/aspectjweaver-1.9.21.jar:/home/seull/.m2/repository/org/springframework/boot/spring-boot-starter-jdbc/3.2.3/spring-boot-starter-jdbc-3.2.3.jar:/home/seull/.m2/repository/com/zaxxer/HikariCP/5.0.1/HikariCP-5.0.1.jar:/home/seull/.m2/repository/org/springframework/spring-jdbc/6.1.4/spring-jdbc-6.1.4.jar:/home/seull/.m2/repository/org/hibernate/orm/hibernate-core/6.4.4.Final/hibernate-core-6.4.4.Final.jar:/home/seull/.m2/repository/jakarta/persistence/jakarta.persistence-api/3.1.0/jakarta.persistence-api-3.1.0.jar:/home/seull/.m2/repository/jakarta/transaction/jakarta.transaction-api/2.0.1/jakarta.transaction-api-2.0.1.jar:/home/seull/.m2/repository/org/jboss/logging/jboss-logging/3.5.3.Final/jboss-logging-3.5.3.Final.jar:/home/seull/.m2/repository/org/hibernate/common/hibernate-commons-annotations/6.0.6.Final/hibernate-commons-annotations-6.0.6.Final.jar:/home/seull/.m2/repository/io/smallrye/jandex/3.1.2/jandex-3.1.2.jar:/home/seull/.m2/repository/com/fasterxml/classmate/1.6.0/classmate-1.6.0.jar:/home/seull/.m2/repository/org/glassfish/jaxb/jaxb-runtime/4.0.4/jaxb-runtime-4.0.4.jar:/home/seull/.m2/repository/org/glassfish/jaxb/jaxb-core/4.0.4/jaxb-core-4.0.4.jar:/home/seull/.m2/repository/org/glassfish/jaxb/txw2/4.0.4/txw2-4.0.4.jar:/home/seull/.m2/repository/com/sun/istack/istack-commons-runtime/4.1.2/istack-commons-runtime-4.1.2.jar:/home/seull/.m2/repository/jakarta/inject/jakarta.inject-api/2.0.1/jakarta.inject-api-2.0.1.jar:/home/seull/.m2/repository/org/antlr/antlr4-runtime/4.13.0/antlr4-runtime-4.13.0.jar:/home/seull/.m2/repository/org/springframework/data/spring-data-jpa/3.2.3/spring-data-jpa-3.2.3.jar:/home/seull/.m2/repository/org/springframework/data/spring-data-commons/3.2.3/spring-data-commons-3.2.3.jar:/home/seull/.m2/repository/org/springframework/spring-orm/6.1.4/spring-orm-6.1.4.jar:/home/seull/.m2/repository/org/springframework/spring-tx/6.1.4/spring-tx-6.1.4.jar:/home/seull/.m2/repository/org/springframework/spring-aspects/6.1.4/spring-aspects-6.1.4.jar:/home/seull/.m2/repository/org/springframework/boot/spring-boot-starter-data-jdbc/3.2.3/spring-boot-starter-data-jdbc-3.2.3.jar:/home/seull/.m2/repository/org/springframework/data/spring-data-jdbc/3.2.3/spring-data-jdbc-3.2.3.jar:/home/seull/.m2/repository/org/springframework/data/spring-data-relational/3.2.3/spring-data-relational-3.2.3.jar:/home/seull/.m2/repository/com/github/jsqlparser/jsqlparser/4.6/jsqlparser-4.6.jar:/home/seull/.m2/repository/org/springframework/boot/spring-boot-starter-web-services/3.2.3/spring-boot-starter-web-services-3.2.3.jar:/home/seull/.m2/repository/com/sun/xml/messaging/saaj/saaj-impl/3.0.3/saaj-impl-3.0.3.jar:/home/seull/.m2/repository/jakarta/xml/soap/jakarta.xml.soap-api/3.0.1/jakarta.xml.soap-api-3.0.1.jar:/home/seull/.m2/repository/org/jvnet/staxex/stax-ex/2.1.0/stax-ex-2.1.0.jar:/home/seull/.m2/repository/org/eclipse/angus/angus-activation/2.0.1/angus-activation-2.0.1.jar:/home/seull/.m2/repository/jakarta/xml/ws/jakarta.xml.ws-api/4.0.1/jakarta.xml.ws-api-4.0.1.jar:/home/seull/.m2/repository/org/springframework/spring-oxm/6.1.4/spring-oxm-6.1.4.jar:/home/seull/.m2/repository/org/springframework/ws/spring-ws-core/4.0.10/spring-ws-core-4.0.10.jar:/home/seull/.m2/repository/org/springframework/ws/spring-xml/4.0.10/spring-xml-4.0.10.jar:/home/seull/.m2/repository/org/springframework/boot/spring-boot-starter-thymeleaf/3.2.3/spring-boot-starter-thymeleaf-3.2.3.jar:/home/seull/.m2/repository/org/thymeleaf/thymeleaf-spring6/3.1.2.RELEASE/thymeleaf-spring6-3.1.2.RELEASE.jar:/home/seull/.m2/repository/org/thymeleaf/thymeleaf/3.1.2.RELEASE/thymeleaf-3.1.2.RELEASE.jar:/home/seull/.m2/repository/org/attoparser/attoparser/2.0.7.RELEASE/attoparser-2.0.7.RELEASE.jar:/home/seull/.m2/repository/org/unbescape/unbescape/1.1.6.RELEASE/unbescape-1.1.6.RELEASE.jar:/home/seull/.m2/repository/org/apache/maven/plugins/maven-site-plugin/3.12.1/maven-site-plugin-3.12.1.jar:/home/seull/.m2/repository/org/apache/maven/reporting/maven-reporting-api/3.1.1/maven-reporting-api-3.1.1.jar:/home/seull/.m2/repository/org/apache/maven/reporting/maven-reporting-exec/1.6.0/maven-reporting-exec-1.6.0.jar:/home/seull/.m2/repository/org/apache/maven/maven-artifact/3.2.5/maven-artifact-3.2.5.jar:/home/seull/.m2/repository/org/apache/maven/maven-core/3.2.5/maven-core-3.2.5.jar:/home/seull/.m2/repository/org/apache/maven/maven-repository-metadata/3.2.5/maven-repository-metadata-3.2.5.jar:/home/seull/.m2/repository/org/apache/maven/maven-model-builder/3.2.5/maven-model-builder-3.2.5.jar:/home/seull/.m2/repository/org/apache/maven/maven-aether-provider/3.2.5/maven-aether-provider-3.2.5.jar:/home/seull/.m2/repository/org/eclipse/aether/aether-spi/1.0.0.v20140518/aether-spi-1.0.0.v20140518.jar:/home/seull/.m2/repository/org/eclipse/aether/aether-impl/1.0.0.v20140518/aether-impl-1.0.0.v20140518.jar:/home/seull/.m2/repository/org/eclipse/aether/aether-api/1.0.0.v20140518/aether-api-1.0.0.v20140518.jar:/home/seull/.m2/repository/org/eclipse/sisu/org.eclipse.sisu.plexus/0.3.0.M1/org.eclipse.sisu.plexus-0.3.0.M1.jar:/home/seull/.m2/repository/javax/enterprise/cdi-api/1.0/cdi-api-1.0.jar:/home/seull/.m2/repository/javax/annotation/jsr250-api/1.0/jsr250-api-1.0.jar:/home/seull/.m2/repository/org/eclipse/sisu/org.eclipse.sisu.inject/0.3.0.M1/org.eclipse.sisu.inject-0.3.0.M1.jar:/home/seull/.m2/repository/org/sonatype/sisu/sisu-guice/3.2.3/sisu-guice-3.2.3-no_aop.jar:/home/seull/.m2/repository/javax/inject/javax.inject/1/javax.inject-1.jar:/home/seull/.m2/repository/aopalliance/aopalliance/1.0/aopalliance-1.0.jar:/home/seull/.m2/repository/com/google/guava/guava/16.0.1/guava-16.0.1.jar:/home/seull/.m2/repository/org/codehaus/plexus/plexus-classworlds/2.5.2/plexus-classworlds-2.5.2.jar:/home/seull/.m2/repository/org/sonatype/plexus/plexus-sec-dispatcher/1.3/plexus-sec-dispatcher-1.3.jar:/home/seull/.m2/repository/org/sonatype/plexus/plexus-cipher/1.4/plexus-cipher-1.4.jar:/home/seull/.m2/repository/org/apache/maven/maven-model/3.2.5/maven-model-3.2.5.jar:/home/seull/.m2/repository/org/apache/maven/maven-plugin-api/3.2.5/maven-plugin-api-3.2.5.jar:/home/seull/.m2/repository/org/apache/maven/maven-settings/3.2.5/maven-settings-3.2.5.jar:/home/seull/.m2/repository/org/apache/maven/maven-settings-builder/3.2.5/maven-settings-builder-3.2.5.jar:/home/seull/.m2/repository/org/eclipse/aether/aether-util/1.0.0.v20140518/aether-util-1.0.0.v20140518.jar:/home/seull/.m2/repository/org/apache/maven/shared/maven-shared-utils/3.3.4/maven-shared-utils-3.3.4.jar:/home/seull/.m2/repository/commons-io/commons-io/2.6/commons-io-2.6.jar:/home/seull/.m2/repository/org/apache/maven/maven-archiver/3.5.2/maven-archiver-3.5.2.jar:/home/seull/.m2/repository/org/apache/commons/commons-compress/1.20/commons-compress-1.20.jar:/home/seull/.m2/repository/org/codehaus/plexus/plexus-interpolation/1.26/plexus-interpolation-1.26.jar:/home/seull/.m2/repository/org/codehaus/plexus/plexus-archiver/4.2.7/plexus-archiver-4.2.7.jar:/home/seull/.m2/repository/org/codehaus/plexus/plexus-io/3.2.0/plexus-io-3.2.0.jar:/home/seull/.m2/repository/org/iq80/snappy/snappy/0.4/snappy-0.4.jar:/home/seull/.m2/repository/org/tukaani/xz/1.9/xz-1.9.jar:/home/seull/.m2/repository/org/codehaus/plexus/plexus-i18n/1.0-beta-10/plexus-i18n-1.0-beta-10.jar:/home/seull/.m2/repository/org/codehaus/plexus/plexus-utils/3.4.2/plexus-utils-3.4.2.jar:/home/seull/.m2/repository/org/apache/maven/doxia/doxia-sink-api/1.11.1/doxia-sink-api-1.11.1.jar:/home/seull/.m2/repository/org/apache/maven/doxia/doxia-logging-api/1.11.1/doxia-logging-api-1.11.1.jar:/home/seull/.m2/repository/org/apache/maven/doxia/doxia-core/1.11.1/doxia-core-1.11.1.jar:/home/seull/.m2/repository/org/codehaus/plexus/plexus-container-default/2.1.0/plexus-container-default-2.1.0.jar:/home/seull/.m2/repository/org/apache/xbean/xbean-reflect/3.7/xbean-reflect-3.7.jar:/home/seull/.m2/repository/com/google/collections/google-collections/1.0/google-collections-1.0.jar:/home/seull/.m2/repository/org/codehaus/plexus/plexus-component-annotations/2.1.0/plexus-component-annotations-2.1.0.jar:/home/seull/.m2/repository/org/apache/commons/commons-lang3/3.13.0/commons-lang3-3.13.0.jar:/home/seull/.m2/repository/org/apache/commons/commons-text/1.3/commons-text-1.3.jar:/home/seull/.m2/repository/org/apache/httpcomponents/httpclient/4.5.13/httpclient-4.5.13.jar:/home/seull/.m2/repository/commons-logging/commons-logging/1.2/commons-logging-1.2.jar:/home/seull/.m2/repository/commons-codec/commons-codec/1.16.1/commons-codec-1.16.1.jar:/home/seull/.m2/repository/org/apache/httpcomponents/httpcore/4.4.16/httpcore-4.4.16.jar:/home/seull/.m2/repository/org/apache/maven/doxia/doxia-module-xhtml/1.11.1/doxia-module-xhtml-1.11.1.jar:/home/seull/.m2/repository/org/apache/maven/doxia/doxia-module-xhtml5/1.11.1/doxia-module-xhtml5-1.11.1.jar:/home/seull/.m2/repository/org/apache/maven/doxia/doxia-module-apt/1.11.1/doxia-module-apt-1.11.1.jar:/home/seull/.m2/repository/org/apache/maven/doxia/doxia-module-xdoc/1.11.1/doxia-module-xdoc-1.11.1.jar:/home/seull/.m2/repository/org/apache/maven/doxia/doxia-module-fml/1.11.1/doxia-module-fml-1.11.1.jar:/home/seull/.m2/repository/org/apache/maven/doxia/doxia-module-markdown/1.11.1/doxia-module-markdown-1.11.1.jar:/home/seull/.m2/repository/com/vladsch/flexmark/flexmark-all/0.42.14/flexmark-all-0.42.14.jar:/home/seull/.m2/repository/com/vladsch/flexmark/flexmark/0.42.14/flexmark-0.42.14.jar:/home/seull/.m2/repository/com/vladsch/flexmark/flexmark-ext-abbreviation/0.42.14/flexmark-ext-abbreviation-0.42.14.jar:/home/seull/.m2/repository/com/vladsch/flexmark/flexmark-ext-admonition/0.42.14/flexmark-ext-admonition-0.42.14.jar:/home/seull/.m2/repository/com/vladsch/flexmark/flexmark-ext-anchorlink/0.42.14/flexmark-ext-anchorlink-0.42.14.jar:/home/seull/.m2/repository/com/vladsch/flexmark/flexmark-ext-aside/0.42.14/flexmark-ext-aside-0.42.14.jar:/home/seull/.m2/repository/com/vladsch/flexmark/flexmark-ext-attributes/0.42.14/flexmark-ext-attributes-0.42.14.jar:/home/seull/.m2/repository/com/vladsch/flexmark/flexmark-ext-autolink/0.42.14/flexmark-ext-autolink-0.42.14.jar:/home/seull/.m2/repository/org/nibor/autolink/autolink/0.6.0/autolink-0.6.0.jar:/home/seull/.m2/repository/com/vladsch/flexmark/flexmark-ext-definition/0.42.14/flexmark-ext-definition-0.42.14.jar:/home/seull/.m2/repository/com/vladsch/flexmark/flexmark-ext-emoji/0.42.14/flexmark-ext-emoji-0.42.14.jar:/home/seull/.m2/repository/com/vladsch/flexmark/flexmark-ext-enumerated-reference/0.42.14/flexmark-ext-enumerated-reference-0.42.14.jar:/home/seull/.m2/repository/com/vladsch/flexmark/flexmark-ext-escaped-character/0.42.14/flexmark-ext-escaped-character-0.42.14.jar:/home/seull/.m2/repository/com/vladsch/flexmark/flexmark-ext-footnotes/0.42.14/flexmark-ext-footnotes-0.42.14.jar:/home/seull/.m2/repository/com/vladsch/flexmark/flexmark-ext-gfm-issues/0.42.14/flexmark-ext-gfm-issues-0.42.14.jar:/home/seull/.m2/repository/com/vladsch/flexmark/flexmark-ext-gfm-strikethrough/0.42.14/flexmark-ext-gfm-strikethrough-0.42.14.jar:/home/seull/.m2/repository/com/vladsch/flexmark/flexmark-ext-gfm-tables/0.42.14/flexmark-ext-gfm-tables-0.42.14.jar:/home/seull/.m2/repository/com/vladsch/flexmark/flexmark-ext-gfm-tasklist/0.42.14/flexmark-ext-gfm-tasklist-0.42.14.jar:/home/seull/.m2/repository/com/vladsch/flexmark/flexmark-ext-gfm-users/0.42.14/flexmark-ext-gfm-users-0.42.14.jar:/home/seull/.m2/repository/com/vladsch/flexmark/flexmark-ext-gitlab/0.42.14/flexmark-ext-gitlab-0.42.14.jar:/home/seull/.m2/repository/com/vladsch/flexmark/flexmark-ext-jekyll-front-matter/0.42.14/flexmark-ext-jekyll-front-matter-0.42.14.jar:/home/seull/.m2/repository/com/vladsch/flexmark/flexmark-ext-jekyll-tag/0.42.14/flexmark-ext-jekyll-tag-0.42.14.jar:/home/seull/.m2/repository/com/vladsch/flexmark/flexmark-ext-media-tags/0.42.14/flexmark-ext-media-tags-0.42.14.jar:/home/seull/.m2/repository/com/vladsch/flexmark/flexmark-ext-macros/0.42.14/flexmark-ext-macros-0.42.14.jar:/home/seull/.m2/repository/com/vladsch/flexmark/flexmark-ext-ins/0.42.14/flexmark-ext-ins-0.42.14.jar:/home/seull/.m2/repository/com/vladsch/flexmark/flexmark-ext-xwiki-macros/0.42.14/flexmark-ext-xwiki-macros-0.42.14.jar:/home/seull/.m2/repository/com/vladsch/flexmark/flexmark-ext-superscript/0.42.14/flexmark-ext-superscript-0.42.14.jar:/home/seull/.m2/repository/com/vladsch/flexmark/flexmark-ext-tables/0.42.14/flexmark-ext-tables-0.42.14.jar:/home/seull/.m2/repository/com/vladsch/flexmark/flexmark-ext-toc/0.42.14/flexmark-ext-toc-0.42.14.jar:/home/seull/.m2/repository/com/vladsch/flexmark/flexmark-ext-typographic/0.42.14/flexmark-ext-typographic-0.42.14.jar:/home/seull/.m2/repository/com/vladsch/flexmark/flexmark-ext-wikilink/0.42.14/flexmark-ext-wikilink-0.42.14.jar:/home/seull/.m2/repository/com/vladsch/flexmark/flexmark-ext-yaml-front-matter/0.42.14/flexmark-ext-yaml-front-matter-0.42.14.jar:/home/seull/.m2/repository/com/vladsch/flexmark/flexmark-ext-youtube-embedded/0.42.14/flexmark-ext-youtube-embedded-0.42.14.jar:/home/seull/.m2/repository/com/vladsch/flexmark/flexmark-formatter/0.42.14/flexmark-formatter-0.42.14.jar:/home/seull/.m2/repository/com/vladsch/flexmark/flexmark-html-parser/0.42.14/flexmark-html-parser-0.42.14.jar:/home/seull/.m2/repository/org/jsoup/jsoup/1.10.2/jsoup-1.10.2.jar:/home/seull/.m2/repository/com/vladsch/flexmark/flexmark-jira-converter/0.42.14/flexmark-jira-converter-0.42.14.jar:/home/seull/.m2/repository/com/vladsch/flexmark/flexmark-profile-pegdown/0.42.14/flexmark-profile-pegdown-0.42.14.jar:/home/seull/.m2/repository/com/vladsch/flexmark/flexmark-util/0.42.14/flexmark-util-0.42.14.jar:/home/seull/.m2/repository/com/vladsch/flexmark/flexmark-youtrack-converter/0.42.14/flexmark-youtrack-converter-0.42.14.jar:/home/seull/.m2/repository/org/apache/maven/doxia/doxia-module-confluence/1.11.1/doxia-module-confluence-1.11.1.jar:/home/seull/.m2/repository/org/apache/maven/doxia/doxia-module-docbook-simple/1.11.1/doxia-module-docbook-simple-1.11.1.jar:/home/seull/.m2/repository/org/apache/maven/doxia/doxia-module-twiki/1.11.1/doxia-module-twiki-1.11.1.jar:/home/seull/.m2/repository/org/apache/maven/doxia/doxia-decoration-model/1.11.1/doxia-decoration-model-1.11.1.jar:/home/seull/.m2/repository/org/apache/maven/doxia/doxia-site-renderer/1.11.1/doxia-site-renderer-1.11.1.jar:/home/seull/.m2/repository/org/apache/maven/doxia/doxia-skin-model/1.11.1/doxia-skin-model-1.11.1.jar:/home/seull/.m2/repository/org/codehaus/plexus/plexus-velocity/1.2/plexus-velocity-1.2.jar:/home/seull/.m2/repository/org/apache/velocity/velocity/1.7/velocity-1.7.jar:/home/seull/.m2/repository/commons-lang/commons-lang/2.4/commons-lang-2.4.jar:/home/seull/.m2/repository/org/apache/velocity/velocity-tools/2.0/velocity-tools-2.0.jar:/home/seull/.m2/repository/commons-beanutils/commons-beanutils/1.7.0/commons-beanutils-1.7.0.jar:/home/seull/.m2/repository/commons-digester/commons-digester/1.8/commons-digester-1.8.jar:/home/seull/.m2/repository/commons-chain/commons-chain/1.1/commons-chain-1.1.jar:/home/seull/.m2/repository/dom4j/dom4j/1.1/dom4j-1.1.jar:/home/seull/.m2/repository/oro/oro/2.0.8/oro-2.0.8.jar:/home/seull/.m2/repository/commons-collections/commons-collections/3.2.2/commons-collections-3.2.2.jar:/home/seull/.m2/repository/org/apache/maven/doxia/doxia-integration-tools/1.11.1/doxia-integration-tools-1.11.1.jar:/home/seull/.m2/repository/org/eclipse/jetty/jetty-server/12.0.6/jetty-server-12.0.6.jar:/home/seull/.m2/repository/org/eclipse/jetty/jetty-http/12.0.6/jetty-http-12.0.6.jar:/home/seull/.m2/repository/org/eclipse/jetty/jetty-io/12.0.6/jetty-io-12.0.6.jar:/home/seull/.m2/repository/org/eclipse/jetty/jetty-servlet/9.4.46.v20220331/jetty-servlet-9.4.46.v20220331.jar:/home/seull/.m2/repository/org/eclipse/jetty/jetty-security/12.0.6/jetty-security-12.0.6.jar:/home/seull/.m2/repository/org/eclipse/jetty/jetty-util-ajax/12.0.6/jetty-util-ajax-12.0.6.jar:/home/seull/.m2/repository/org/eclipse/jetty/jetty-webapp/9.4.46.v20220331/jetty-webapp-9.4.46.v20220331.jar:/home/seull/.m2/repository/org/eclipse/jetty/jetty-xml/12.0.6/jetty-xml-12.0.6.jar:/home/seull/.m2/repository/org/eclipse/jetty/jetty-util/12.0.6/jetty-util-12.0.6.jar:"/>
    <property name="sun.cpu.endian" value="little"/>
    <property name="user.home" value="/home/seull"/>
    <property name="user.language" value="en"/>
    <property name="java.specification.vendor" value="Oracle Corporation"/>
    <property name="java.version.date" value="2024-01-16"/>
    <property name="java.home" value="/usr/lib/jvm/java-17-openjdk-amd64"/>
    <property name="file.separator" value="/"/>
    <property name="basedir" value="/home/seull/final/4team_final_MainSpring/demo2"/>
    <property name="java.vm.compressedOopsMode" value="32-bit"/>
    <property name="line.separator" value="&#10;"/>
    <property name="java.specification.name" value="Java Platform API Specification"/>
    <property name="java.vm.specification.vendor" value="Oracle Corporation"/>
    <property name="FILE_LOG_CHARSET" value="UTF-8"/>
    <property name="java.awt.headless" value="true"/>
    <property name="surefire.real.class.path" value="/home/seull/final/4team_final_MainSpring/demo2/target/surefire/surefirebooter-20240411174604845_3.jar"/>
    <property name="sun.management.compiler" value="HotSpot 64-Bit Tiered Compilers"/>
    <property name="java.runtime.version" value="17.0.10+7-Ubuntu-122.04.1"/>
    <property name="user.name" value="seull"/>
    <property name="path.separator" value=":"/>
    <property name="os.version" value="5.15.133.1-microsoft-standard-WSL2"/>
    <property name="java.runtime.name" value="OpenJDK Runtime Environment"/>
    <property name="file.encoding" value="UTF-8"/>
    <property name="java.vm.name" value="OpenJDK 64-Bit Server VM"/>
    <property name="maven.ext.class.path" value="/mnt/c/Program Files/JetBrains/IntelliJ IDEA 2023.3.5/plugins/maven/lib/maven-event-listener.jar"/>
    <property name="localRepository" value="/home/seull/.m2/repository"/>
    <property name="java.vendor.url.bug" value="Unknown"/>
    <property name="java.io.tmpdir" value="/tmp"/>
    <property name="com.zaxxer.hikari.pool_number" value="1"/>
    <property name="java.version" value="17.0.10"/>
    <property name="user.dir" value="/home/seull/final/4team_final_MainSpring/demo2"/>
    <property name="os.arch" value="amd64"/>
    <property name="java.vm.specification.name" value="Java Virtual Machine Specification"/>
    <property name="PID" value="706745"/>
    <property name="CONSOLE_LOG_CHARSET" value="UTF-8"/>
    <property name="native.encoding" value="UTF-8"/>
    <property name="java.library.path" value="/usr/java/packages/lib:/usr/lib/x86_64-linux-gnu/jni:/lib/x86_64-linux-gnu:/usr/lib/x86_64-linux-gnu:/usr/lib/jni:/lib:/usr/lib"/>
    <property name="java.vm.info" value="mixed mode, sharing"/>
    <property name="java.vendor" value="Private Build"/>
    <property name="java.vm.version" value="17.0.10+7-Ubuntu-122.04.1"/>
    <property name="sun.io.unicode.encoding" value="UnicodeLittle"/>
    <property name="java.class.version" value="61.0"/>
    <property name="LOGGED_APPLICATION_NAME" value="[demo2] "/>
  </properties>
  <testcase name="contextLoads" classname="main.spring.login.demo2.Demo2ApplicationTests" time="0.776">
    <system-out><![CDATA[17:46:06.034 [main] INFO org.springframework.test.context.support.AnnotationConfigContextLoaderUtils -- Could not detect default configuration classes for test class [main.spring.login.demo2.Demo2ApplicationTests]: Demo2ApplicationTests does not declare any static, non-private, non-final, nested classes annotated with @Configuration.
17:46:06.178 [main] INFO org.springframework.boot.test.context.SpringBootTestContextBootstrapper -- Found @SpringBootConfiguration main.spring.login.demo2.Demo2Application for test class main.spring.login.demo2.Demo2ApplicationTests
17:46:06.409 [main] INFO org.springframework.boot.devtools.restart.RestartApplicationListener -- Restart disabled due to context in which it is running

  .   ____          _            __ _ _
 /\\ / ___'_ __ _ _(_)_ __  __ _ \ \ \ \
( ( )\___ | '_ | '_| | '_ \/ _` | \ \ \ \
 \\/  ___)| |_)| | | | | || (_| |  ) ) ) )
  '  |____| .__|_| |_|_| |_\__, | / / / /
 =========|_|==============|___/=/_/_/_/
 :: Spring Boot ::                (v3.2.3)

2024-04-11T17:46:06.794+09:00  INFO 706745 --- [demo2] [           main] m.s.login.demo2.Demo2ApplicationTests    : Starting Demo2ApplicationTests using Java 17.0.10 with PID 706745 (started by seull in /home/seull/final/4team_final_MainSpring/demo2)
2024-04-11T17:46:06.795+09:00  INFO 706745 --- [demo2] [           main] m.s.login.demo2.Demo2ApplicationTests    : No active profile set, falling back to 1 default profile: "default"
2024-04-11T17:46:07.875+09:00  INFO 706745 --- [demo2] [           main] .s.d.r.c.RepositoryConfigurationDelegate : Multiple Spring Data modules found, entering strict repository configuration mode
2024-04-11T17:46:07.886+09:00  INFO 706745 --- [demo2] [           main] .s.d.r.c.RepositoryConfigurationDelegate : Bootstrapping Spring Data JDBC repositories in DEFAULT mode.
2024-04-11T17:46:08.031+09:00  INFO 706745 --- [demo2] [           main] .RepositoryConfigurationExtensionSupport : Spring Data JDBC - Could not safely identify store assignment for repository candidate interface main.spring.login.demo2.repository.BusinessRepository; If you want this repository to be a JDBC repository, consider annotating your entities with one of these annotations: org.springframework.data.relational.core.mapping.Table.
2024-04-11T17:46:08.036+09:00  INFO 706745 --- [demo2] [           main] .RepositoryConfigurationExtensionSupport : Spring Data JDBC - Could not safely identify store assignment for repository candidate interface main.spring.login.demo2.repository.CStorageRepository; If you want this repository to be a JDBC repository, consider annotating your entities with one of these annotations: org.springframework.data.relational.core.mapping.Table.
2024-04-11T17:46:08.038+09:00  INFO 706745 --- [demo2] [           main] .RepositoryConfigurationExtensionSupport : Spring Data JDBC - Could not safely identify store assignment for repository candidate interface main.spring.login.demo2.repository.ContactRepository; If you want this repository to be a JDBC repository, consider annotating your entities with one of these annotations: org.springframework.data.relational.core.mapping.Table.
2024-04-11T17:46:08.040+09:00  INFO 706745 --- [demo2] [           main] .RepositoryConfigurationExtensionSupport : Spring Data JDBC - Could not safely identify store assignment for repository candidate interface main.spring.login.demo2.repository.DeliveryRepository; If you want this repository to be a JDBC repository, consider annotating your entities with one of these annotations: org.springframework.data.relational.core.mapping.Table.
2024-04-11T17:46:08.042+09:00  INFO 706745 --- [demo2] [           main] .RepositoryConfigurationExtensionSupport : Spring Data JDBC - Could not safely identify store assignment for repository candidate interface main.spring.login.demo2.repository.GoodsMasterRepository; If you want this repository to be a JDBC repository, consider annotating your entities with one of these annotations: org.springframework.data.relational.core.mapping.Table.
2024-04-11T17:46:08.044+09:00  INFO 706745 --- [demo2] [           main] .RepositoryConfigurationExtensionSupport : Spring Data JDBC - Could not safely identify store assignment for repository candidate interface main.spring.login.demo2.repository.InputRepository; If you want this repository to be a JDBC repository, consider annotating your entities with one of these annotations: org.springframework.data.relational.core.mapping.Table.
2024-04-11T17:46:08.045+09:00  INFO 706745 --- [demo2] [           main] .RepositoryConfigurationExtensionSupport : Spring Data JDBC - Could not safely identify store assignment for repository candidate interface main.spring.login.demo2.repository.InventoryRepository; If you want this repository to be a JDBC repository, consider annotating your entities with one of these annotations: org.springframework.data.relational.core.mapping.Table.
2024-04-11T17:46:08.047+09:00  INFO 706745 --- [demo2] [           main] .RepositoryConfigurationExtensionSupport : Spring Data JDBC - Could not safely identify store assignment for repository candidate interface main.spring.login.demo2.repository.OrderMasterRepository; If you want this repository to be a JDBC repository, consider annotating your entities with one of these annotations: org.springframework.data.relational.core.mapping.Table.
2024-04-11T17:46:08.049+09:00  INFO 706745 --- [demo2] [           main] .RepositoryConfigurationExtensionSupport : Spring Data JDBC - Could not safely identify store assignment for repository candidate interface main.spring.login.demo2.repository.OrderProductRepository; If you want this repository to be a JDBC repository, consider annotating your entities with one of these annotations: org.springframework.data.relational.core.mapping.Table.
2024-04-11T17:46:08.052+09:00  INFO 706745 --- [demo2] [           main] .RepositoryConfigurationExtensionSupport : Spring Data JDBC - Could not safely identify store assignment for repository candidate interface main.spring.login.demo2.repository.StorageRepository; If you want this repository to be a JDBC repository, consider annotating your entities with one of these annotations: org.springframework.data.relational.core.mapping.Table.
2024-04-11T17:46:08.054+09:00  INFO 706745 --- [demo2] [           main] .RepositoryConfigurationExtensionSupport : Spring Data JDBC - Could not safely identify store assignment for repository candidate interface main.spring.login.demo2.repository.VendorRepository; If you want this repository to be a JDBC repository, consider annotating your entities with one of these annotations: org.springframework.data.relational.core.mapping.Table.
2024-04-11T17:46:08.055+09:00  INFO 706745 --- [demo2] [           main] .s.d.r.c.RepositoryConfigurationDelegate : Finished Spring Data repository scanning in 162 ms. Found 0 JDBC repository interfaces.
2024-04-11T17:46:08.074+09:00  INFO 706745 --- [demo2] [           main] .s.d.r.c.RepositoryConfigurationDelegate : Multiple Spring Data modules found, entering strict repository configuration mode
2024-04-11T17:46:08.076+09:00  INFO 706745 --- [demo2] [           main] .s.d.r.c.RepositoryConfigurationDelegate : Bootstrapping Spring Data JPA repositories in DEFAULT mode.
2024-04-11T17:46:08.169+09:00  INFO 706745 --- [demo2] [           main] .s.d.r.c.RepositoryConfigurationDelegate : Finished Spring Data repository scanning in 87 ms. Found 11 JPA repository interfaces.
2024-04-11T17:46:08.702+09:00  WARN 706745 --- [demo2] [           main] trationDelegate$BeanPostProcessorChecker : Bean 'org.springframework.ws.config.annotation.DelegatingWsConfiguration' of type [org.springframework.ws.config.annotation.DelegatingWsConfiguration$$SpringCGLIB$$0] is not eligible for getting processed by all BeanPostProcessors (for example: not eligible for auto-proxying). The currently created BeanPostProcessor [annotationActionEndpointMapping] is declared through a non-static factory method on that class; consider declaring it as static instead.
2024-04-11T17:46:08.756+09:00  INFO 706745 --- [demo2] [           main] .w.s.a.s.AnnotationActionEndpointMapping : Supporting [WS-Addressing August 2004, WS-Addressing 1.0]
2024-04-11T17:46:09.102+09:00  INFO 706745 --- [demo2] [           main] o.hibernate.jpa.internal.util.LogHelper  : HHH000204: Processing PersistenceUnitInfo [name: default]
2024-04-11T17:46:09.180+09:00  INFO 706745 --- [demo2] [           main] org.hibernate.Version                    : HHH000412: Hibernate ORM core version 6.4.4.Final
2024-04-11T17:46:09.224+09:00  INFO 706745 --- [demo2] [           main] o.h.c.internal.RegionFactoryInitiator    : HHH000026: Second-level cache disabled
2024-04-11T17:46:09.606+09:00  INFO 706745 --- [demo2] [           main] o.s.o.j.p.SpringPersistenceUnitInfo      : No LoadTimeWeaver setup: ignoring JPA class transformer
2024-04-11T17:46:09.635+09:00  INFO 706745 --- [demo2] [           main] com.zaxxer.hikari.HikariDataSource       : HikariPool-1 - Starting...
2024-04-11T17:46:09.828+09:00  INFO 706745 --- [demo2] [           main] com.zaxxer.hikari.pool.HikariPool        : HikariPool-1 - Added connection org.mariadb.jdbc.Connection@14874a5d
2024-04-11T17:46:09.831+09:00  INFO 706745 --- [demo2] [           main] com.zaxxer.hikari.HikariDataSource       : HikariPool-1 - Start completed.
2024-04-11T17:46:09.887+09:00  WARN 706745 --- [demo2] [           main] org.hibernate.orm.deprecation            : HHH90000025: MariaDBDialect does not need to be specified explicitly using 'hibernate.dialect' (remove the property setting and it will be selected by default)
2024-04-11T17:46:10.457+09:00  WARN 706745 --- [demo2] [           main] org.hibernate.mapping.RootClass          : HHH000038: Composite-id class does not override equals(): main.spring.login.demo2.entity.GradePriceId
2024-04-11T17:46:10.458+09:00  WARN 706745 --- [demo2] [           main] org.hibernate.mapping.RootClass          : HHH000039: Composite-id class does not override hashCode(): main.spring.login.demo2.entity.GradePriceId
2024-04-11T17:46:10.458+09:00  WARN 706745 --- [demo2] [           main] org.hibernate.mapping.RootClass          : HHH000038: Composite-id class does not override equals(): main.spring.login.demo2.entity.CStorageId
2024-04-11T17:46:10.459+09:00  WARN 706745 --- [demo2] [           main] org.hibernate.mapping.RootClass          : HHH000039: Composite-id class does not override hashCode(): main.spring.login.demo2.entity.CStorageId
2024-04-11T17:46:11.440+09:00  INFO 706745 --- [demo2] [           main] o.h.e.t.j.p.i.JtaPlatformInitiator       : HHH000489: No JTA platform available (set 'hibernate.transaction.jta.platform' to enable JTA platform integration)
2024-04-11T17:46:12.875+09:00  INFO 706745 --- [demo2] [           main] j.LocalContainerEntityManagerFactoryBean : Initialized JPA EntityManagerFactory for persistence unit 'default'
2024-04-11T17:46:13.387+09:00  INFO 706745 --- [demo2] [           main] o.s.d.j.r.query.QueryEnhancerFactory     : JSqlParser is in classpath; If applicable, JSqlParser will be used
2024-04-11T17:46:13.387+09:00  INFO 706745 --- [demo2] [           main] o.s.d.j.r.query.QueryEnhancerFactory     : Hibernate is in classpath; If applicable, HQL parser will be used.
2024-04-11T17:46:14.805+09:00  WARN 706745 --- [demo2] [           main] JpaBaseConfiguration$JpaWebConfiguration : spring.jpa.open-in-view is enabled by default. Therefore, database queries may be performed during view rendering. Explicitly configure spring.jpa.open-in-view to disable this warning
2024-04-11T17:46:14.841+09:00  INFO 706745 --- [demo2] [           main] o.s.b.a.w.s.WelcomePageHandlerMapping    : Adding welcome page: class path resource [static/index.html]
2024-04-11T17:46:15.354+09:00  WARN 706745 --- [demo2] [           main] ion$DefaultTemplateResolverConfiguration : Cannot find template location: classpath:/templates/ (please add some templates, check your Thymeleaf configuration, or set spring.thymeleaf.check-template-location=false)
2024-04-11T17:46:15.749+09:00  INFO 706745 --- [demo2] [           main] m.s.login.demo2.Demo2ApplicationTests    : Started Demo2ApplicationTests in 9.354 seconds (process running for 10.77)
]]></system-out>
  </testcase>
</testsuite>